<?xml version="1.0" encoding="UTF-8"?>
<testsuite xmlns:xsi="http://www.w3.org/2001/XMLSchema-instance" xsi:noNamespaceSchemaLocation="https://maven.apache.org/surefire/maven-surefire-plugin/xsd/surefire-test-report-3.0.xsd" version="3.0" name="com.mywealthmanagement.accountaggregationservice.AccountAggregationServiceApplicationTests" time="2.56" tests="1" errors="0" skipped="0" failures="0">
  <properties>
[...]
</properties>
  <testcase name="contextLoads" classname="com.mywealthmanagement.accountaggregationservice.AccountAggregationServiceApplicationTests" time="0.005">
    <system-out><![CDATA[21:28:55.218 [main] INFO org.springframework.test.context.support.AnnotationConfigContextLoaderUtils -- Could not detect default configuration classes for test class [com.mywealthmanagement.accountaggregationservice.AccountAggregationServiceApplicationTests]: AccountAggregationServiceApplicationTests does not declare any static, non-private, non-final, nested classes annotated with @Configuration.
21:28:55.263 [main] INFO org.springframework.boot.test.context.SpringBootTestContextBootstrapper -- Found @SpringBootConfiguration com.mywealthmanagement.accountaggregationservice.AccountAggregationServiceApplication for test class com.mywealthmanagement.accountaggregationservice.AccountAggregationServiceApplicationTests

  .   ____          _            __ _ _
 /\\ / ___'_ __ _ _(_)_ __  __ _ \ \ \ \
( ( )\___ | '_ | '_| | '_ \/ _` | \ \ \ \
 \\/  ___)| |_)| | | | | || (_| |  ) ) ) )
  '  |____| .__|_| |_|_| |_\__, | / / / /
 =========|_|==============|___/=/_/_/_/
 :: Spring Boot ::                (v3.2.5)

2026-06-05T21:28:55.405-05:00  WARN 76416 --- [           main] ory$DuplicateJsonObjectContextCustomizer : 

Found multiple occurrences of org.json.JSONObject on the class path:

	jar:file:/Users/suresh/.m2/repository/com/vaadin/external/google/android-json/0.0.20131108.vaadin1/android-json-0.0.20131108.vaadin1.jar!/org/json/JSONObject.class
	jar:file:/Users/suresh/.m2/repository/org/json/json/20140107/json-20140107.jar!/org/json/JSONObject.class

You may wish to exclude one of them to ensure predictable runtime behavior

2026-06-05T21:28:55.412-05:00  INFO 76416 --- [           main] ccountAggregationServiceApplicationTests : Starting AccountAggregationServiceApplicationTests using Java 18.0.2 with PID 76416 (started by suresh in /Users/suresh/Desktop/projects/my-wealth-management/finance-mvp/apps/account-aggregation-service)
2026-06-05T21:28:55.412-05:00  INFO 76416 --- [           main] ccountAggregationServiceApplicationTests : The following 1 profile is active: "dev"
2026-06-05T21:28:55.689-05:00  INFO 76416 --- [           main] .s.d.r.c.RepositoryConfigurationDelegate : Bootstrapping Spring Data JPA repositories in DEFAULT mode.
2026-06-05T21:28:55.726-05:00  INFO 76416 --- [           main] .s.d.r.c.RepositoryConfigurationDelegate : Finished Spring Data repository scanning in 34 ms. Found 3 JPA repository interfaces.
2026-06-05T21:28:56.524-05:00  INFO 76416 --- [           main] com.zaxxer.hikari.HikariDataSource       : HikariPool-1 - Starting...
2026-06-05T21:28:56.608-05:00  INFO 76416 --- [           main] com.zaxxer.hikari.pool.HikariPool        : HikariPool-1 - Added connection conn0: url=jdbc:h2:mem:aggdb user=SA
2026-06-05T21:28:56.608-05:00  INFO 76416 --- [           main] com.zaxxer.hikari.HikariDataSource       : HikariPool-1 - Start completed.
2026-06-05T21:28:56.646-05:00  INFO 76416 --- [           main] o.f.c.internal.license.VersionPrinter    : Flyway Community Edition 9.22.3 by Redgate
2026-06-05T21:28:56.646-05:00  INFO 76416 --- [           main] o.f.c.internal.license.VersionPrinter    : See release notes here: https://rd.gt/416ObMi
2026-06-05T21:28:56.646-05:00  INFO 76416 --- [           main] o.f.c.internal.license.VersionPrinter    : 
2026-06-05T21:28:56.673-05:00  INFO 76416 --- [           main] org.flywaydb.core.FlywayExecutor         : Database: jdbc:h2:mem:aggdb (H2 2.2)
2026-06-05T21:28:56.676-05:00  WARN 76416 --- [           main] o.f.c.internal.database.base.Database    : Flyway upgrade recommended: H2 2.2.224 is newer than this version of Flyway and support has not been tested. The latest supported version of H2 is 2.2.220.
2026-06-05T21:28:56.685-05:00  INFO 76416 --- [           main] o.f.c.i.s.JdbcTableSchemaHistory         : Schema history table "PUBLIC"."flyway_schema_history" does not exist yet
2026-06-05T21:28:56.686-05:00  INFO 76416 --- [           main] o.f.core.internal.command.DbValidate     : Successfully validated 1 migration (execution time 00:00.006s)
2026-06-05T21:28:56.689-05:00  INFO 76416 --- [           main] o.f.c.i.s.JdbcTableSchemaHistory         : Creating Schema History table "PUBLIC"."flyway_schema_history" ...
2026-06-05T21:28:56.700-05:00  INFO 76416 --- [           main] o.f.core.internal.command.DbMigrate      : Current version of schema "PUBLIC": << Empty Schema >>
2026-06-05T21:28:56.704-05:00  INFO 76416 --- [           main] o.f.core.internal.command.DbMigrate      : Migrating schema "PUBLIC" to version "1 - create plaid tables"
2026-06-05T21:28:56.715-05:00  INFO 76416 --- [           main] o.f.core.internal.command.DbMigrate      : Successfully applied 1 migration to schema "PUBLIC", now at version v1 (execution time 00:00.006s)
2026-06-05T21:28:56.763-05:00  INFO 76416 --- [           main] o.hibernate.jpa.internal.util.LogHelper  : HHH000204: Processing PersistenceUnitInfo [name: default]
2026-06-05T21:28:56.787-05:00  INFO 76416 --- [           main] org.hibernate.Version                    : HHH000412: Hibernate ORM core version 6.4.4.Final
2026-06-05T21:28:56.801-05:00  INFO 76416 --- [           main] o.h.c.internal.RegionFactoryInitiator    : HHH000026: Second-level cache disabled
2026-06-05T21:28:56.844-05:00  INFO 76416 --- [           main] o.s.o.j.p.SpringPersistenceUnitInfo      : No LoadTimeWeaver setup: ignoring JPA class transformer
2026-06-05T21:28:56.863-05:00  WARN 76416 --- [           main] org.hibernate.orm.deprecation            : HHH90000025: H2Dialect does not need to be specified explicitly using 'hibernate.dialect' (remove the property setting and it will be selected by default)
2026-06-05T21:28:57.195-05:00  INFO 76416 --- [           main] o.h.e.t.j.p.i.JtaPlatformInitiator       : HHH000489: No JTA platform available (set 'hibernate.transaction.jta.platform' to enable JTA platform integration)
2026-06-05T21:28:57.196-05:00  INFO 76416 --- [           main] j.LocalContainerEntityManagerFactoryBean : Initialized JPA EntityManagerFactory for persistence unit 'default'
2026-06-05T21:28:57.372-05:00  WARN 76416 --- [           main] JpaBaseConfiguration$JpaWebConfiguration : spring.jpa.open-in-view is enabled by default. Therefore, database queries may be performed during view rendering. Explicitly configure spring.jpa.open-in-view to disable this warning
2026-06-05T21:28:57.533-05:00  INFO 76416 --- [           main] o.s.s.web.DefaultSecurityFilterChain     : Will secure any request with [org.springframework.security.web.session.DisableEncodeUrlFilter@2b26d289, org.springframework.security.web.context.request.async.WebAsyncManagerIntegrationFilter@7f680a9a, org.springframework.security.web.context.SecurityContextHolderFilter@39d62e47, org.springframework.security.web.header.HeaderWriterFilter@2c10f9f3, org.springframework.web.filter.CorsFilter@3a33d655, org.springframework.security.web.authentication.logout.LogoutFilter@4b4b02d, com.mywealthmanagement.accountaggregationservice.config.JwtAuthFilter@519e14f6, org.springframework.security.web.savedrequest.RequestCacheAwareFilter@5d28e108, org.springframework.security.web.servletapi.SecurityContextHolderAwareRequestFilter@4d2bcca8, org.springframework.security.web.authentication.AnonymousAuthenticationFilter@526a1b51, org.springframework.security.web.session.SessionManagementFilter@4f5d587c, org.springframework.security.web.access.ExceptionTranslationFilter@5687e92d, org.springframework.security.web.access.intercept.AuthorizationFilter@6aa7d7a0]
2026-06-05T21:28:57.666-05:00  INFO 76416 --- [           main] o.s.b.a.h2.H2ConsoleAutoConfiguration    : H2 console available at '/h2-console'. Database available at 'jdbc:h2:mem:aggdb'
2026-06-05T21:28:57.689-05:00  INFO 76416 --- [           main] ccountAggregationServiceApplicationTests : Started AccountAggregationServiceApplicationTests in 2.374 seconds (process running for 2.808)
]]></system-out>
  </testcase>
</testsuite>